<?xml version="1.0" encoding="UTF-8"?>
<testng-results skipped="0" failed="0" ignored="0" total="1" passed="1">
  <reporter-output>
    <line>
      <![CDATA[My test]]>
    </line>
  </reporter-output>
  <suite name="Default suite" duration-ms="366" started-at="2020-07-01T03:12:07Z" finished-at="2020-07-01T03:12:08Z">
    <groups>
    </groups>
    <test name="Default test" duration-ms="366" started-at="2020-07-01T03:12:07Z" finished-at="2020-07-01T03:12:08Z">
      <class name="actiTIME.Demo">
        <test-method status="PASS" signature="run()[pri:0, instance:actiTIME.Demo@6767c1fc]" name="run" duration-ms="78" started-at="2020-07-01T03:12:08Z" finished-at="2020-07-01T03:12:08Z">
          <reporter-output>
            <line>
              <![CDATA[My test]]>
            </line>
          </reporter-output>
        </test-method> <!-- run -->
      </class> <!-- actiTIME.Demo -->
    </test> <!-- Default test -->
  </suite> <!-- Default suite -->
</testng-results>
